<?xml version="1.0" encoding="UTF-8"?>
<!-- Generated by org.testng.reporters.JUnitReportReporter -->
<testsuite hostname="LAPTOP-8LQ1C4T7" failures="0" tests="3" name="test.Login" time="40.481" errors="0" timestamp="2022-11-24T21:18:04 IST" skipped="0">
  <testcase classname="test.Login" name="testLogin" time="6.997"/>
  <system-out/>
  <testcase classname="test.Login" name="testLogin" time="17.666"/>
  <system-out/>
  <testcase classname="test.Login" name="testLogin" time="15.818"/>
  <system-out/>
</testsuite> <!-- test.Login -->
